2024-05-20T11:30:32.672+09:00  INFO 9784 --- [nonghyuphealthcare] [restartedMain] s.n.NonghyuphealthcareApplication        : Starting NonghyuphealthcareApplication using Java 17.0.8.1 with PID 9784 (C:\git\project\nonghyuphealthcare\out\production\classes started by User in C:\git\project\nonghyuphealthcare)
2024-05-20T11:30:32.681+09:00  INFO 9784 --- [nonghyuphealthcare] [restartedMain] s.n.NonghyuphealthcareApplication        : No active profile set, falling back to 1 default profile: "default"
2024-05-20T11:30:32.769+09:00  INFO 9784 --- [nonghyuphealthcare] [restartedMain] o.s.b.devtools.restart.ChangeableUrls    : The Class-Path manifest attribute in C:\Users\User\.gradle\caches\modules-2\files-2.1\com.sun.xml.bind\jaxb-core\2.3.0\d044c784e41d026778693fb44a8026c1fd9a7506\jaxb-core-2.3.0.jar referenced one or more files that do not exist: file:/C:/Users/User/.gradle/caches/modules-2/files-2.1/com.sun.xml.bind/jaxb-core/2.3.0/d044c784e41d026778693fb44a8026c1fd9a7506/jaxb-api.jar
2024-05-20T11:30:32.769+09:00  INFO 9784 --- [nonghyuphealthcare] [restartedMain] o.s.b.devtools.restart.ChangeableUrls    : The Class-Path manifest attribute in C:\Users\User\.gradle\caches\modules-2\files-2.1\com.sun.xml.bind\jaxb-impl\2.3.0\3a3c6a62719d967175b76b63925f1fb495f11437\jaxb-impl-2.3.0.jar referenced one or more files that do not exist: file:/C:/Users/User/.gradle/caches/modules-2/files-2.1/com.sun.xml.bind/jaxb-impl/2.3.0/3a3c6a62719d967175b76b63925f1fb495f11437/jaxb-core.jar
2024-05-20T11:30:32.770+09:00  INFO 9784 --- [nonghyuphealthcare] [restartedMain] .e.DevToolsPropertyDefaultsPostProcessor : Devtools property defaults active! Set 'spring.devtools.add-properties' to 'false' to disable
2024-05-20T11:30:32.770+09:00  INFO 9784 --- [nonghyuphealthcare] [restartedMain] .e.DevToolsPropertyDefaultsPostProcessor : For additional web related logging consider setting the 'logging.level.web' property to 'DEBUG'
2024-05-20T11:30:33.938+09:00  INFO 9784 --- [nonghyuphealthcare] [restartedMain] .s.d.r.c.RepositoryConfigurationDelegate : Bootstrapping Spring Data JPA repositories in DEFAULT mode.
2024-05-20T11:30:33.992+09:00  INFO 9784 --- [nonghyuphealthcare] [restartedMain] .s.d.r.c.RepositoryConfigurationDelegate : Finished Spring Data repository scanning in 42 ms. Found 1 JPA repository interface.
2024-05-20T11:30:34.946+09:00  INFO 9784 --- [nonghyuphealthcare] [restartedMain] o.s.b.w.embedded.tomcat.TomcatWebServer  : Tomcat initialized with port 8080 (http)
2024-05-20T11:30:34.957+09:00  INFO 9784 --- [nonghyuphealthcare] [restartedMain] o.apache.catalina.core.StandardService   : Starting service [Tomcat]
2024-05-20T11:30:34.959+09:00  INFO 9784 --- [nonghyuphealthcare] [restartedMain] o.apache.catalina.core.StandardEngine    : Starting Servlet engine: [Apache Tomcat/10.1.20]
2024-05-20T11:30:35.017+09:00  INFO 9784 --- [nonghyuphealthcare] [restartedMain] o.a.c.c.C.[Tomcat].[localhost].[/]       : Initializing Spring embedded WebApplicationContext
2024-05-20T11:30:35.018+09:00  INFO 9784 --- [nonghyuphealthcare] [restartedMain] w.s.c.ServletWebServerApplicationContext : Root WebApplicationContext: initialization completed in 2246 ms
2024-05-20T11:30:35.131+09:00  INFO 9784 --- [nonghyuphealthcare] [restartedMain] o.hibernate.jpa.internal.util.LogHelper  : HHH000204: Processing PersistenceUnitInfo [name: default]
2024-05-20T11:30:35.247+09:00  INFO 9784 --- [nonghyuphealthcare] [restartedMain] org.hibernate.Version                    : HHH000412: Hibernate ORM core version 6.4.4.Final
2024-05-20T11:30:35.289+09:00  INFO 9784 --- [nonghyuphealthcare] [restartedMain] o.h.c.internal.RegionFactoryInitiator    : HHH000026: Second-level cache disabled
2024-05-20T11:30:35.566+09:00  INFO 9784 --- [nonghyuphealthcare] [restartedMain] o.s.o.j.p.SpringPersistenceUnitInfo      : No LoadTimeWeaver setup: ignoring JPA class transformer
2024-05-20T11:30:35.599+09:00  INFO 9784 --- [nonghyuphealthcare] [restartedMain] com.zaxxer.hikari.HikariDataSource       : HikariPool-1 - Starting...
2024-05-20T11:30:36.014+09:00  INFO 9784 --- [nonghyuphealthcare] [restartedMain] com.zaxxer.hikari.pool.HikariPool        : HikariPool-1 - Added connection com.mysql.cj.jdbc.ConnectionImpl@217aa879
2024-05-20T11:30:36.016+09:00  INFO 9784 --- [nonghyuphealthcare] [restartedMain] com.zaxxer.hikari.HikariDataSource       : HikariPool-1 - Start completed.
2024-05-20T11:30:36.068+09:00  WARN 9784 --- [nonghyuphealthcare] [restartedMain] org.hibernate.orm.deprecation            : HHH90000025: MySQL8Dialect does not need to be specified explicitly using 'hibernate.dialect' (remove the property setting and it will be selected by default)
2024-05-20T11:30:36.069+09:00  WARN 9784 --- [nonghyuphealthcare] [restartedMain] org.hibernate.orm.deprecation            : HHH90000026: MySQL8Dialect has been deprecated; use org.hibernate.dialect.MySQLDialect instead
2024-05-20T11:30:37.417+09:00  INFO 9784 --- [nonghyuphealthcare] [restartedMain] o.h.e.t.j.p.i.JtaPlatformInitiator       : HHH000489: No JTA platform available (set 'hibernate.transaction.jta.platform' to enable JTA platform integration)
2024-05-20T11:30:37.509+09:00  INFO 9784 --- [nonghyuphealthcare] [restartedMain] j.LocalContainerEntityManagerFactoryBean : Initialized JPA EntityManagerFactory for persistence unit 'default'
2024-05-20T11:30:37.914+09:00  WARN 9784 --- [nonghyuphealthcare] [restartedMain] JpaBaseConfiguration$JpaWebConfiguration : spring.jpa.open-in-view is enabled by default. Therefore, database queries may be performed during view rendering. Explicitly configure spring.jpa.open-in-view to disable this warning
2024-05-20T11:30:38.103+09:00 DEBUG 9784 --- [nonghyuphealthcare] [restartedMain] s.w.s.m.m.a.RequestMappingHandlerMapping : 5 mappings in 'requestMappingHandlerMapping'
2024-05-20T11:30:38.205+09:00 DEBUG 9784 --- [nonghyuphealthcare] [restartedMain] o.s.w.s.handler.SimpleUrlHandlerMapping  : Patterns [/webjars/**, /**] in 'resourceHandlerMapping'
2024-05-20T11:30:38.312+09:00  INFO 9784 --- [nonghyuphealthcare] [restartedMain] o.s.s.web.DefaultSecurityFilterChain     : Will secure any request with [org.springframework.security.web.session.DisableEncodeUrlFilter@199a0c0a, org.springframework.security.web.context.request.async.WebAsyncManagerIntegrationFilter@65954818, org.springframework.security.web.context.SecurityContextHolderFilter@3172b995, org.springframework.security.web.header.HeaderWriterFilter@42b1cb32, org.springframework.web.filter.CorsFilter@12f32006, org.springframework.security.web.authentication.logout.LogoutFilter@2bf8b6b2, security.JwtRequestFilter@3b2d5e3, org.springframework.security.web.savedrequest.RequestCacheAwareFilter@8f41ad4, org.springframework.security.web.servletapi.SecurityContextHolderAwareRequestFilter@5b47d69f, org.springframework.security.web.authentication.AnonymousAuthenticationFilter@225f1786, org.springframework.security.web.session.SessionManagementFilter@556d10d0, org.springframework.security.web.access.ExceptionTranslationFilter@298573dc, org.springframework.security.web.access.intercept.AuthorizationFilter@64130c05]
2024-05-20T11:30:38.574+09:00 DEBUG 9784 --- [nonghyuphealthcare] [restartedMain] s.w.s.m.m.a.RequestMappingHandlerAdapter : ControllerAdvice beans: 0 @ModelAttribute, 0 @InitBinder, 1 RequestBodyAdvice, 1 ResponseBodyAdvice
2024-05-20T11:30:38.658+09:00 DEBUG 9784 --- [nonghyuphealthcare] [restartedMain] .m.m.a.ExceptionHandlerExceptionResolver : ControllerAdvice beans: 1 @ExceptionHandler, 1 ResponseBodyAdvice
2024-05-20T11:30:39.122+09:00  INFO 9784 --- [nonghyuphealthcare] [restartedMain] o.s.b.d.a.OptionalLiveReloadServer       : LiveReload server is running on port 35729
2024-05-20T11:30:39.242+09:00  INFO 9784 --- [nonghyuphealthcare] [restartedMain] o.s.b.w.embedded.tomcat.TomcatWebServer  : Tomcat started on port 8080 (http) with context path ''
2024-05-20T11:30:39.256+09:00  INFO 9784 --- [nonghyuphealthcare] [restartedMain] s.n.NonghyuphealthcareApplication        : Started NonghyuphealthcareApplication in 7.613 seconds (process running for 10.429)
2024-05-20T11:30:39.689+09:00  INFO 9784 --- [nonghyuphealthcare] [http-nio-8080-exec-1] o.a.c.c.C.[Tomcat].[localhost].[/]       : Initializing Spring DispatcherServlet 'dispatcherServlet'
2024-05-20T11:30:39.689+09:00  INFO 9784 --- [nonghyuphealthcare] [http-nio-8080-exec-1] o.s.web.servlet.DispatcherServlet        : Initializing Servlet 'dispatcherServlet'
2024-05-20T11:30:39.689+09:00 DEBUG 9784 --- [nonghyuphealthcare] [http-nio-8080-exec-1] o.s.web.servlet.DispatcherServlet        : Detected StandardServletMultipartResolver
2024-05-20T11:30:39.689+09:00 DEBUG 9784 --- [nonghyuphealthcare] [http-nio-8080-exec-1] o.s.web.servlet.DispatcherServlet        : Detected AcceptHeaderLocaleResolver
2024-05-20T11:30:39.689+09:00 DEBUG 9784 --- [nonghyuphealthcare] [http-nio-8080-exec-1] o.s.web.servlet.DispatcherServlet        : Detected FixedThemeResolver
2024-05-20T11:30:39.691+09:00 DEBUG 9784 --- [nonghyuphealthcare] [http-nio-8080-exec-1] o.s.web.servlet.DispatcherServlet        : Detected org.springframework.web.servlet.view.DefaultRequestToViewNameTranslator@4658585d
2024-05-20T11:30:39.691+09:00 DEBUG 9784 --- [nonghyuphealthcare] [http-nio-8080-exec-1] o.s.web.servlet.DispatcherServlet        : Detected org.springframework.web.servlet.support.SessionFlashMapManager@64617554
2024-05-20T11:30:39.691+09:00 DEBUG 9784 --- [nonghyuphealthcare] [http-nio-8080-exec-1] o.s.web.servlet.DispatcherServlet        : enableLoggingRequestDetails='false': request parameters and headers will be masked to prevent unsafe logging of potentially sensitive data
2024-05-20T11:30:39.691+09:00  INFO 9784 --- [nonghyuphealthcare] [http-nio-8080-exec-1] o.s.web.servlet.DispatcherServlet        : Completed initialization in 2 ms
2024-05-20T11:30:39.758+09:00 DEBUG 9784 --- [nonghyuphealthcare] [http-nio-8080-exec-2] o.s.web.servlet.DispatcherServlet        : POST "/api/login", parameters={}
2024-05-20T11:30:39.759+09:00 DEBUG 9784 --- [nonghyuphealthcare] [http-nio-8080-exec-2] s.w.s.m.m.a.RequestMappingHandlerMapping : Mapped to user.controller.UserController#login(LoginDTO)
2024-05-20T11:30:39.932+09:00 DEBUG 9784 --- [nonghyuphealthcare] [http-nio-8080-exec-2] m.m.a.RequestResponseBodyMethodProcessor : Read "application/json;charset=UTF-8" to [user.dto.LoginDTO@5f51b73a]
2024-05-20T11:30:40.205+09:00 DEBUG 9784 --- [nonghyuphealthcare] [http-nio-8080-exec-2] o.s.w.s.m.m.a.HttpEntityMethodProcessor  : Using 'application/json', given [application/json, text/plain, */*] and supported [application/json, application/*+json]
2024-05-20T11:30:40.206+09:00 DEBUG 9784 --- [nonghyuphealthcare] [http-nio-8080-exec-2] o.s.w.s.m.m.a.HttpEntityMethodProcessor  : Writing [user.dto.TokenDTO@6eefc78f]
2024-05-20T11:30:40.219+09:00 DEBUG 9784 --- [nonghyuphealthcare] [http-nio-8080-exec-2] o.s.web.servlet.DispatcherServlet        : Completed 401 UNAUTHORIZED
2024-05-20T11:30:56.561+09:00 DEBUG 9784 --- [nonghyuphealthcare] [http-nio-8080-exec-3] o.s.web.servlet.DispatcherServlet        : POST "/api/login", parameters={}
2024-05-20T11:30:56.561+09:00 DEBUG 9784 --- [nonghyuphealthcare] [http-nio-8080-exec-3] s.w.s.m.m.a.RequestMappingHandlerMapping : Mapped to user.controller.UserController#login(LoginDTO)
2024-05-20T11:30:56.563+09:00 DEBUG 9784 --- [nonghyuphealthcare] [http-nio-8080-exec-3] m.m.a.RequestResponseBodyMethodProcessor : Read "application/json;charset=UTF-8" to [user.dto.LoginDTO@612229ac]
2024-05-20T11:30:56.653+09:00 DEBUG 9784 --- [nonghyuphealthcare] [http-nio-8080-exec-3] o.s.w.s.m.m.a.HttpEntityMethodProcessor  : Using 'application/json', given [application/json, text/plain, */*] and supported [application/json, application/*+json]
2024-05-20T11:30:56.653+09:00 DEBUG 9784 --- [nonghyuphealthcare] [http-nio-8080-exec-3] o.s.w.s.m.m.a.HttpEntityMethodProcessor  : Writing [user.dto.TokenDTO@f532271]
2024-05-20T11:30:56.655+09:00 DEBUG 9784 --- [nonghyuphealthcare] [http-nio-8080-exec-3] o.s.web.servlet.DispatcherServlet        : Completed 200 OK
2024-05-20T11:32:19.821+09:00  INFO 9784 --- [nonghyuphealthcare] [File Watcher] rtingClassPathChangeChangedEventListener : Restarting due to 1 class path change (0 additions, 1 deletion, 0 modifications)
2024-05-20T11:32:19.869+09:00  INFO 9784 --- [nonghyuphealthcare] [Thread-5] j.LocalContainerEntityManagerFactoryBean : Closing JPA EntityManagerFactory for persistence unit 'default'
2024-05-20T11:32:19.875+09:00  INFO 9784 --- [nonghyuphealthcare] [Thread-5] com.zaxxer.hikari.HikariDataSource       : HikariPool-1 - Shutdown initiated...
2024-05-20T11:32:19.893+09:00  INFO 9784 --- [nonghyuphealthcare] [Thread-5] com.zaxxer.hikari.HikariDataSource       : HikariPool-1 - Shutdown completed.
2024-05-20T11:32:20.027+09:00  INFO 9784 --- [nonghyuphealthcare] [restartedMain] s.n.NonghyuphealthcareApplication        : Starting NonghyuphealthcareApplication using Java 17.0.8.1 with PID 9784 (C:\git\project\nonghyuphealthcare\out\production\classes started by User in C:\git\project\nonghyuphealthcare)
2024-05-20T11:32:20.028+09:00  INFO 9784 --- [nonghyuphealthcare] [restartedMain] s.n.NonghyuphealthcareApplication        : No active profile set, falling back to 1 default profile: "default"
2024-05-20T11:32:20.293+09:00  INFO 9784 --- [nonghyuphealthcare] [restartedMain] .s.d.r.c.RepositoryConfigurationDelegate : Bootstrapping Spring Data JPA repositories in DEFAULT mode.
2024-05-20T11:32:20.308+09:00  INFO 9784 --- [nonghyuphealthcare] [restartedMain] .s.d.r.c.RepositoryConfigurationDelegate : Finished Spring Data repository scanning in 15 ms. Found 1 JPA repository interface.
2024-05-20T11:32:20.604+09:00  INFO 9784 --- [nonghyuphealthcare] [restartedMain] o.s.b.w.embedded.tomcat.TomcatWebServer  : Tomcat initialized with port 8080 (http)
2024-05-20T11:32:20.605+09:00  INFO 9784 --- [nonghyuphealthcare] [restartedMain] o.apache.catalina.core.StandardService   : Starting service [Tomcat]
2024-05-20T11:32:20.605+09:00  INFO 9784 --- [nonghyuphealthcare] [restartedMain] o.apache.catalina.core.StandardEngine    : Starting Servlet engine: [Apache Tomcat/10.1.20]
2024-05-20T11:32:20.630+09:00  INFO 9784 --- [nonghyuphealthcare] [restartedMain] o.a.c.c.C.[Tomcat].[localhost].[/]       : Initializing Spring embedded WebApplicationContext
2024-05-20T11:32:20.631+09:00  INFO 9784 --- [nonghyuphealthcare] [restartedMain] w.s.c.ServletWebServerApplicationContext : Root WebApplicationContext: initialization completed in 593 ms
2024-05-20T11:32:20.666+09:00  INFO 9784 --- [nonghyuphealthcare] [restartedMain] o.hibernate.jpa.internal.util.LogHelper  : HHH000204: Processing PersistenceUnitInfo [name: default]
2024-05-20T11:32:20.671+09:00  INFO 9784 --- [nonghyuphealthcare] [restartedMain] o.h.c.internal.RegionFactoryInitiator    : HHH000026: Second-level cache disabled
2024-05-20T11:32:20.676+09:00  INFO 9784 --- [nonghyuphealthcare] [restartedMain] o.s.o.j.p.SpringPersistenceUnitInfo      : No LoadTimeWeaver setup: ignoring JPA class transformer
2024-05-20T11:32:20.678+09:00  INFO 9784 --- [nonghyuphealthcare] [restartedMain] com.zaxxer.hikari.HikariDataSource       : HikariPool-2 - Starting...
2024-05-20T11:32:20.708+09:00  INFO 9784 --- [nonghyuphealthcare] [restartedMain] com.zaxxer.hikari.pool.HikariPool        : HikariPool-2 - Added connection com.mysql.cj.jdbc.ConnectionImpl@75fa3ab3
2024-05-20T11:32:20.709+09:00  INFO 9784 --- [nonghyuphealthcare] [restartedMain] com.zaxxer.hikari.HikariDataSource       : HikariPool-2 - Start completed.
2024-05-20T11:32:20.710+09:00  WARN 9784 --- [nonghyuphealthcare] [restartedMain] org.hibernate.orm.deprecation            : HHH90000025: MySQL8Dialect does not need to be specified explicitly using 'hibernate.dialect' (remove the property setting and it will be selected by default)
2024-05-20T11:32:20.710+09:00  WARN 9784 --- [nonghyuphealthcare] [restartedMain] org.hibernate.orm.deprecation            : HHH90000026: MySQL8Dialect has been deprecated; use org.hibernate.dialect.MySQLDialect instead
2024-05-20T11:32:20.777+09:00  INFO 9784 --- [nonghyuphealthcare] [restartedMain] o.h.e.t.j.p.i.JtaPlatformInitiator       : HHH000489: No JTA platform available (set 'hibernate.transaction.jta.platform' to enable JTA platform integration)
2024-05-20T11:32:20.871+09:00  INFO 9784 --- [nonghyuphealthcare] [restartedMain] j.LocalContainerEntityManagerFactoryBean : Initialized JPA EntityManagerFactory for persistence unit 'default'
2024-05-20T11:32:21.080+09:00  WARN 9784 --- [nonghyuphealthcare] [restartedMain] JpaBaseConfiguration$JpaWebConfiguration : spring.jpa.open-in-view is enabled by default. Therefore, database queries may be performed during view rendering. Explicitly configure spring.jpa.open-in-view to disable this warning
2024-05-20T11:32:21.134+09:00 DEBUG 9784 --- [nonghyuphealthcare] [restartedMain] s.w.s.m.m.a.RequestMappingHandlerMapping : 3 mappings in 'requestMappingHandlerMapping'
2024-05-20T11:32:21.195+09:00 DEBUG 9784 --- [nonghyuphealthcare] [restartedMain] o.s.w.s.handler.SimpleUrlHandlerMapping  : Patterns [/webjars/**, /**] in 'resourceHandlerMapping'
2024-05-20T11:32:21.244+09:00  INFO 9784 --- [nonghyuphealthcare] [restartedMain] o.s.s.web.DefaultSecurityFilterChain     : Will secure any request with [org.springframework.security.web.session.DisableEncodeUrlFilter@24f7e586, org.springframework.security.web.context.request.async.WebAsyncManagerIntegrationFilter@2733d4e9, org.springframework.security.web.context.SecurityContextHolderFilter@7c5c35c6, org.springframework.security.web.header.HeaderWriterFilter@4852db96, org.springframework.web.filter.CorsFilter@15960972, org.springframework.security.web.authentication.logout.LogoutFilter@78babc7, security.JwtRequestFilter@3af556c0, org.springframework.security.web.savedrequest.RequestCacheAwareFilter@6204034a, org.springframework.security.web.servletapi.SecurityContextHolderAwareRequestFilter@3c54eaf7, org.springframework.security.web.authentication.AnonymousAuthenticationFilter@2e35c789, org.springframework.security.web.session.SessionManagementFilter@49b5a7ba, org.springframework.security.web.access.ExceptionTranslationFilter@73bdbf78, org.springframework.security.web.access.intercept.AuthorizationFilter@7e78bc1d]
2024-05-20T11:32:21.335+09:00 DEBUG 9784 --- [nonghyuphealthcare] [restartedMain] s.w.s.m.m.a.RequestMappingHandlerAdapter : ControllerAdvice beans: 0 @ModelAttribute, 0 @InitBinder, 1 RequestBodyAdvice, 1 ResponseBodyAdvice
2024-05-20T11:32:21.349+09:00 DEBUG 9784 --- [nonghyuphealthcare] [restartedMain] .m.m.a.ExceptionHandlerExceptionResolver : ControllerAdvice beans: 1 @ExceptionHandler, 1 ResponseBodyAdvice
2024-05-20T11:32:21.426+09:00  INFO 9784 --- [nonghyuphealthcare] [restartedMain] o.s.b.d.a.OptionalLiveReloadServer       : LiveReload server is running on port 35729
2024-05-20T11:32:21.443+09:00  INFO 9784 --- [nonghyuphealthcare] [restartedMain] o.s.b.w.embedded.tomcat.TomcatWebServer  : Tomcat started on port 8080 (http) with context path ''
2024-05-20T11:32:21.451+09:00  INFO 9784 --- [nonghyuphealthcare] [restartedMain] s.n.NonghyuphealthcareApplication        : Started NonghyuphealthcareApplication in 1.481 seconds (process running for 112.624)
2024-05-20T11:32:21.453+09:00  INFO 9784 --- [nonghyuphealthcare] [restartedMain] .ConditionEvaluationDeltaLoggingListener : Condition evaluation unchanged
2024-05-20T11:32:22.894+09:00  INFO 9784 --- [nonghyuphealthcare] [File Watcher] rtingClassPathChangeChangedEventListener : Restarting due to 1 class path change (1 addition, 0 deletions, 0 modifications)
2024-05-20T11:32:22.960+09:00  INFO 9784 --- [nonghyuphealthcare] [Thread-7] j.LocalContainerEntityManagerFactoryBean : Closing JPA EntityManagerFactory for persistence unit 'default'
2024-05-20T11:32:22.961+09:00  INFO 9784 --- [nonghyuphealthcare] [Thread-7] com.zaxxer.hikari.HikariDataSource       : HikariPool-2 - Shutdown initiated...
2024-05-20T11:32:22.976+09:00  INFO 9784 --- [nonghyuphealthcare] [Thread-7] com.zaxxer.hikari.HikariDataSource       : HikariPool-2 - Shutdown completed.
2024-05-20T11:32:23.176+09:00  INFO 9784 --- [nonghyuphealthcare] [restartedMain] s.n.NonghyuphealthcareApplication        : Starting NonghyuphealthcareApplication using Java 17.0.8.1 with PID 9784 (C:\git\project\nonghyuphealthcare\out\production\classes started by User in C:\git\project\nonghyuphealthcare)
2024-05-20T11:32:23.180+09:00  INFO 9784 --- [nonghyuphealthcare] [restartedMain] s.n.NonghyuphealthcareApplication        : No active profile set, falling back to 1 default profile: "default"
2024-05-20T11:32:23.955+09:00  INFO 9784 --- [nonghyuphealthcare] [restartedMain] .s.d.r.c.RepositoryConfigurationDelegate : Bootstrapping Spring Data JPA repositories in DEFAULT mode.
2024-05-20T11:32:23.971+09:00  INFO 9784 --- [nonghyuphealthcare] [restartedMain] .s.d.r.c.RepositoryConfigurationDelegate : Finished Spring Data repository scanning in 14 ms. Found 1 JPA repository interface.
2024-05-20T11:32:24.343+09:00  INFO 9784 --- [nonghyuphealthcare] [restartedMain] o.s.b.w.embedded.tomcat.TomcatWebServer  : Tomcat initialized with port 8080 (http)
2024-05-20T11:32:24.345+09:00  INFO 9784 --- [nonghyuphealthcare] [restartedMain] o.apache.catalina.core.StandardService   : Starting service [Tomcat]
2024-05-20T11:32:24.346+09:00  INFO 9784 --- [nonghyuphealthcare] [restartedMain] o.apache.catalina.core.StandardEngine    : Starting Servlet engine: [Apache Tomcat/10.1.20]
2024-05-20T11:32:24.472+09:00  INFO 9784 --- [nonghyuphealthcare] [restartedMain] o.a.c.c.C.[Tomcat].[localhost].[/]       : Initializing Spring embedded WebApplicationContext
2024-05-20T11:32:24.473+09:00  INFO 9784 --- [nonghyuphealthcare] [restartedMain] w.s.c.ServletWebServerApplicationContext : Root WebApplicationContext: initialization completed in 1266 ms
2024-05-20T11:32:24.569+09:00  INFO 9784 --- [nonghyuphealthcare] [restartedMain] o.hibernate.jpa.internal.util.LogHelper  : HHH000204: Processing PersistenceUnitInfo [name: default]
2024-05-20T11:32:24.584+09:00  INFO 9784 --- [nonghyuphealthcare] [restartedMain] o.h.c.internal.RegionFactoryInitiator    : HHH000026: Second-level cache disabled
2024-05-20T11:32:24.601+09:00  INFO 9784 --- [nonghyuphealthcare] [restartedMain] o.s.o.j.p.SpringPersistenceUnitInfo      : No LoadTimeWeaver setup: ignoring JPA class transformer
2024-05-20T11:32:24.604+09:00  INFO 9784 --- [nonghyuphealthcare] [restartedMain] com.zaxxer.hikari.HikariDataSource       : HikariPool-3 - Starting...
2024-05-20T11:32:24.652+09:00  INFO 9784 --- [nonghyuphealthcare] [restartedMain] com.zaxxer.hikari.pool.HikariPool        : HikariPool-3 - Added connection com.mysql.cj.jdbc.ConnectionImpl@50345baa
2024-05-20T11:32:24.654+09:00  INFO 9784 --- [nonghyuphealthcare] [restartedMain] com.zaxxer.hikari.HikariDataSource       : HikariPool-3 - Start completed.
2024-05-20T11:32:24.657+09:00  WARN 9784 --- [nonghyuphealthcare] [restartedMain] org.hibernate.orm.deprecation            : HHH90000025: MySQL8Dialect does not need to be specified explicitly using 'hibernate.dialect' (remove the property setting and it will be selected by default)
2024-05-20T11:32:24.658+09:00  WARN 9784 --- [nonghyuphealthcare] [restartedMain] org.hibernate.orm.deprecation            : HHH90000026: MySQL8Dialect has been deprecated; use org.hibernate.dialect.MySQLDialect instead
2024-05-20T11:32:24.880+09:00  INFO 9784 --- [nonghyuphealthcare] [restartedMain] o.h.e.t.j.p.i.JtaPlatformInitiator       : HHH000489: No JTA platform available (set 'hibernate.transaction.jta.platform' to enable JTA platform integration)
2024-05-20T11:32:24.935+09:00  INFO 9784 --- [nonghyuphealthcare] [restartedMain] j.LocalContainerEntityManagerFactoryBean : Initialized JPA EntityManagerFactory for persistence unit 'default'
2024-05-20T11:32:25.143+09:00  WARN 9784 --- [nonghyuphealthcare] [restartedMain] JpaBaseConfiguration$JpaWebConfiguration : spring.jpa.open-in-view is enabled by default. Therefore, database queries may be performed during view rendering. Explicitly configure spring.jpa.open-in-view to disable this warning
2024-05-20T11:32:25.236+09:00 DEBUG 9784 --- [nonghyuphealthcare] [restartedMain] s.w.s.m.m.a.RequestMappingHandlerMapping : 5 mappings in 'requestMappingHandlerMapping'
2024-05-20T11:32:25.335+09:00 DEBUG 9784 --- [nonghyuphealthcare] [restartedMain] o.s.w.s.handler.SimpleUrlHandlerMapping  : Patterns [/webjars/**, /**] in 'resourceHandlerMapping'
2024-05-20T11:32:25.355+09:00  INFO 9784 --- [nonghyuphealthcare] [restartedMain] o.s.s.web.DefaultSecurityFilterChain     : Will secure any request with [org.springframework.security.web.session.DisableEncodeUrlFilter@15f31c38, org.springframework.security.web.context.request.async.WebAsyncManagerIntegrationFilter@5a6551ec, org.springframework.security.web.context.SecurityContextHolderFilter@771a1f6c, org.springframework.security.web.header.HeaderWriterFilter@509d67f2, org.springframework.web.filter.CorsFilter@49e6cc69, org.springframework.security.web.authentication.logout.LogoutFilter@38eee6ec, security.JwtRequestFilter@7b453165, org.springframework.security.web.savedrequest.RequestCacheAwareFilter@718db335, org.springframework.security.web.servletapi.SecurityContextHolderAwareRequestFilter@4a14e801, org.springframework.security.web.authentication.AnonymousAuthenticationFilter@7a7f31b9, org.springframework.security.web.session.SessionManagementFilter@7074a3aa, org.springframework.security.web.access.ExceptionTranslationFilter@4d496b19, org.springframework.security.web.access.intercept.AuthorizationFilter@495f5ea2]
2024-05-20T11:32:25.396+09:00 DEBUG 9784 --- [nonghyuphealthcare] [restartedMain] s.w.s.m.m.a.RequestMappingHandlerAdapter : ControllerAdvice beans: 0 @ModelAttribute, 0 @InitBinder, 1 RequestBodyAdvice, 1 ResponseBodyAdvice
2024-05-20T11:32:25.406+09:00 DEBUG 9784 --- [nonghyuphealthcare] [restartedMain] .m.m.a.ExceptionHandlerExceptionResolver : ControllerAdvice beans: 1 @ExceptionHandler, 1 ResponseBodyAdvice
2024-05-20T11:32:25.447+09:00  INFO 9784 --- [nonghyuphealthcare] [restartedMain] o.s.b.d.a.OptionalLiveReloadServer       : LiveReload server is running on port 35729
2024-05-20T11:32:25.464+09:00  INFO 9784 --- [nonghyuphealthcare] [restartedMain] o.s.b.w.embedded.tomcat.TomcatWebServer  : Tomcat started on port 8080 (http) with context path ''
2024-05-20T11:32:25.470+09:00  INFO 9784 --- [nonghyuphealthcare] [restartedMain] s.n.NonghyuphealthcareApplication        : Started NonghyuphealthcareApplication in 2.369 seconds (process running for 116.643)
2024-05-20T11:32:25.472+09:00  INFO 9784 --- [nonghyuphealthcare] [restartedMain] .ConditionEvaluationDeltaLoggingListener : Condition evaluation unchanged
